Compilación iniciada a las 08/05/2017 17:01:13.
     1>Proyecto "C:\hlocal\Experiment-A.L.-Animacion\ProyectoII\ProyectoII.vcxproj" en el nodo 2 (Build destinos).
     1>ClCompile:
         C:\software\programacion\MSVStudio2013\VC\bin\CL.exe /c /ZI /nologo /W3 /WX- /sdl /Od /Oy- /D _MBCS /Gm /EHsc /RTC1 /MDd /GS /fp:precise /Zc:wchar_t /Zc:forScope /Fo"Debug\\" /Fd"Debug\vc120.pdb" /Gd /TP /analyze- /errorReport:prompt Personaje.cpp
         Personaje.cpp
     1>c:\hlocal\experiment-a.l.-animacion\proyectoii\personaje.h(81): warning C4250: 'Personaje' : hereda 'Entidad::Entidad::getRect' mediante dominación
                 c:\hlocal\experiment-a.l.-animacion\proyectoii\entidad.h(20) : vea la declaración de 'Entidad::getRect'
     1>c:\hlocal\experiment-a.l.-animacion\proyectoii\personaje.h(81): warning C4250: 'Personaje' : hereda 'Entidad::Entidad::getType' mediante dominación
                 c:\hlocal\experiment-a.l.-animacion\proyectoii\entidad.h(21) : vea la declaración de 'Entidad::getType'
     1>c:\hlocal\experiment-a.l.-animacion\proyectoii\personaje.h(32): warning C4244: 'return' : conversión de 'float' a 'Uint8'; posible pérdida de datos
     1>c:\hlocal\experiment-a.l.-animacion\proyectoii\enemigo.h(27): warning C4250: 'Enemigo' : hereda 'Entidad::Entidad::draw' mediante dominación
                 c:\hlocal\experiment-a.l.-animacion\proyectoii\entidad.h(16) : vea la declaración de 'Entidad::draw'
     1>c:\hlocal\experiment-a.l.-animacion\proyectoii\enemigo.h(27): warning C4250: 'Enemigo' : hereda 'Entidad::Entidad::onInput' mediante dominación
                 c:\hlocal\experiment-a.l.-animacion\proyectoii\entidad.h(17) : vea la declaración de 'Entidad::onInput'
     1>c:\hlocal\experiment-a.l.-animacion\proyectoii\enemigo.h(27): warning C4250: 'Enemigo' : hereda 'Entidad::Entidad::getRect' mediante dominación
                 c:\hlocal\experiment-a.l.-animacion\proyectoii\entidad.h(20) : vea la declaración de 'Entidad::getRect'
     1>c:\hlocal\experiment-a.l.-animacion\proyectoii\enemigo.h(27): warning C4250: 'Enemigo' : hereda 'Entidad::Entidad::getType' mediante dominación
                 c:\hlocal\experiment-a.l.-animacion\proyectoii\entidad.h(21) : vea la declaración de 'Entidad::getType'
     1>c:\hlocal\experiment-a.l.-animacion\proyectoii\enemigo.h(17): warning C4244: 'return' : conversión de 'const int' a 'float'; posible pérdida de datos
     1>c:\hlocal\experiment-a.l.-animacion\proyectoii\personaje.cpp(200): warning C4244: 'argumento' : conversión de 'int' a 'float'; posible pérdida de datos
       Link:
         C:\software\programacion\MSVStudio2013\VC\bin\link.exe /ERRORREPORT:PROMPT /OUT:"C:\hlocal\Experiment-A.L.-Animacion\bin\ProyectoIIDebug.exe" /INCREMENTAL /NOLOGO SDL2.lib SDL2main.lib SDL2_image.lib SDL2_ttf.lib SDL2_mixer.lib kernel32.lib user32.lib gdi32.lib winspool.lib comdlg32.lib advapi32.lib shell32.lib ole32.lib oleaut32.lib uuid.lib odbc32.lib odbccp32.lib /MANIFEST /MANIFESTUAC:"level='asInvoker' uiAccess='false'" /manifest:embed /DEBUG /PDB:"C:\hlocal\Experiment-A.L.-Animacion\bin\ProyectoIIDebug.pdb" /SUBSYSTEM:CONSOLE /TLBID:1 /DYNAMICBASE /NXCOMPAT /IMPLIB:"C:\hlocal\Experiment-A.L.-Animacion\bin\ProyectoIIDebug.lib" /MACHINE:X86 Debug\Bala.obj
         Debug\Boton.obj
         Debug\Combinaciones.obj
         Debug\Enemigo.obj
         Debug\Entidad.obj
         Debug\Fuente.obj
         Debug\GameOver.obj
         Debug\Juego.obj
         Debug\main.obj
         Debug\Mapa.obj
         Debug\Menu.obj
         Debug\MenuInicio.obj
         Debug\Mundo.obj
         Debug\Musica.obj
         Debug\Pausa.obj
         Debug\Personaje.obj
         Debug\TexturasSDL.obj
         Debug\Tile.obj
         ProyectoII.vcxproj -> C:\hlocal\Experiment-A.L.-Animacion\bin\ProyectoIIDebug.exe
     1>Compilación del proyecto terminada "C:\hlocal\Experiment-A.L.-Animacion\ProyectoII\ProyectoII.vcxproj" (Build destinos).

Compilación correcta.

Tiempo transcurrido 00:00:00.71
